<?xml version="1.0" encoding="UTF-8"?>
<beans xmlns="http://www.springframework.org/schema/beans" xmlns:mvc="http://www.springframework.org/schema/mvc" xmlns:context="http://www.springframework.org/schema/context" xmlns:aop="http://www.springframework.org/schema/aop" xmlns:mongo="http://www.springframework.org/schema/data/mongo" xmlns:util="http://www.springframework.org/schema/util" xmlns:xsi="http://www.w3.org/2001/XMLSchema-instance"
    xsi:schemaLocation="
                http://www.springframework.org/schema/beans http://www.springframework.org/schema/beans/spring-beans-3.2.xsd
                http://www.springframework.org/schema/context http://www.springframework.org/schema/context/spring-context.xsd
                http://www.springframework.org/schema/data/mongo http://www.springframework.org/schema/data/mongo/spring-mongo-1.1.xsd
                http://www.springframework.org/schema/util http://www.springframework.org/schema/util/spring-util-3.0.xsd
                http://www.springframework.org/schema/aop http://www.springframework.org/schema/aop/spring-aop.xsd
                http://www.springframework.org/schema/mvc http://www.springframework.org/schema/mvc/spring-mvc-3.2.xsd
                ">

    <bean id="restTemplate" class="org.opentestsystem.shared.monitoringalerting.rest.MockRestTemplate"></bean>
    
    <bean id="userService" class="org.mockito.Mockito" factory-method="mock">
        <constructor-arg value="org.opentestsystem.shared.security.service.UserService" />
    </bean>
    
    <bean id="progManClient" class="org.mockito.Mockito" factory-method="mock">
        <constructor-arg value="org.opentestsystem.shared.progman.client.ProgManClient" />
    </bean>

    <mvc:interceptors>
        <bean class="org.opentestsystem.shared.docs.RequestLoggingInterceptor" />
    </mvc:interceptors>
    
    <bean id="propertyConfigurerrrr" class="org.springframework.context.support.PropertySourcesPlaceholderConfigurer">
        <!-- this allows for missing resources files, specifically the ones defined in env vars -->
        <property name="ignoreResourceNotFound" value="true" />
        <property name="ignoreUnresolvablePlaceholders" value="true" />
        <property name="locations">
            <list>
                <value>classpath:test-rest-endpoints.properties</value>
                <value>classpath:test-mongo.properties</value>
                <value>classpath:test-email.properties</value>
            </list>
        </property>
    </bean>
    
    <!-- just a placeholder to override the mongo in the tests -->
    <mongo:mongo id="mna-mongo" host="localhost" port="55550"/>
</beans>
